<?xml version="1.0" encoding="UTF-8"?>
<testsuite xmlns:xsi="http://www.w3.org/2001/XMLSchema-instance" xsi:noNamespaceSchemaLocation="https://maven.apache.org/surefire/maven-failsafe-plugin/xsd/failsafe-test-report-3.0.xsd" version="3.0" name="starter.CucumberTestSuite" time="9.82" tests="2" errors="0" skipped="0" failures="0">
  <properties>
[...]
</properties>
  <testcase name="GET - As admin I have be able to get detail account" classname="Account" time="5.295">
    <system-out><![CDATA[17:19:09.500 [main] INFO io.cucumber.core.plugin.SerenityReporter - Running feature from file:///D:/Perkuliahan/Kampus%20Merdeka/Alterra/Materi/qe_elfrida-rd-tampubolon/18_RESTful%20API%20Testing%20with%20Rest%20Assured/praktikum/src/test/resources/api/Account.feature
17:19:09.504 [main] WARN io.cucumber.core.plugin.SerenityReporter - Feature from file:///D:/Perkuliahan/Kampus%20Merdeka/Alterra/Materi/qe_elfrida-rd-tampubolon/18_RESTful%20API%20Testing%20with%20Rest%20Assured/praktikum/src/test/resources/api/Account.feature is not under the 'features' directory. Requirements report will not be correctly generated!
17:19:09.698 [main] INFO  - 

-------------------------------------------------------------------------------------
     _______. _______ .______       _______ .__   __.  __  .___________.____    ____ 
    /       ||   ____||   _  \     |   ____||  \ |  | |  | |           |\   \  /   / 
   |   (----`|  |__   |  |_)  |    |  |__   |   \|  | |  | `---|  |----` \   \/   /  
    \   \    |   __|  |      /     |   __|  |  . `  | |  |     |  |       \_    _/   
.----)   |   |  |____ |  |\  \----.|  |____ |  |\   | |  |     |  |         |  |     
|_______/    |_______|| _| `._____||_______||__| \__| |__|     |__|         |__|    
                                                                                     
 News and tutorials at http://www.serenity-bdd.info                                  
 Documentation at https://wakaleo.gitbooks.io/the-serenity-book/content/             
 Join the Serenity Community on Gitter: https://gitter.im/serenity-bdd/serenity-core 
 Serenity BDD Support and Training at http://serenity-bdd.info/#/trainingandsupport  
-------------------------------------------------------------------------------------

17:19:09.701 [main] DEBUG net.thucydides.core.steps.StepEventBus - Test suite started for story net.thucydides.core.model.Story@e0453c54
17:19:09.708 [main] INFO  - Test Suite Started: Account
17:19:09.749 [main] INFO io.cucumber.core.plugin.SerenityReporter - Running feature from file:///D:/Perkuliahan/Kampus%20Merdeka/Alterra/Materi/qe_elfrida-rd-tampubolon/18_RESTful%20API%20Testing%20with%20Rest%20Assured/praktikum/src/test/resources/api/BookStore.feature
17:19:09.750 [main] WARN io.cucumber.core.plugin.SerenityReporter - Feature from file:///D:/Perkuliahan/Kampus%20Merdeka/Alterra/Materi/qe_elfrida-rd-tampubolon/18_RESTful%20API%20Testing%20with%20Rest%20Assured/praktikum/src/test/resources/api/BookStore.feature is not under the 'features' directory. Requirements report will not be correctly generated!
17:19:09.757 [main] DEBUG net.thucydides.core.steps.StepEventBus - Test suite started for story net.thucydides.core.model.Story@30b9c5c1
17:19:09.757 [main] INFO  - Test Suite Started: User
17:19:09.758 [main] INFO io.cucumber.core.plugin.SerenityReporter - Running feature from file:///D:/Perkuliahan/Kampus%20Merdeka/Alterra/Materi/qe_elfrida-rd-tampubolon/18_RESTful%20API%20Testing%20with%20Rest%20Assured/praktikum/src/test/resources/api/Account.feature
17:19:09.758 [main] WARN io.cucumber.core.plugin.SerenityReporter - Feature from file:///D:/Perkuliahan/Kampus%20Merdeka/Alterra/Materi/qe_elfrida-rd-tampubolon/18_RESTful%20API%20Testing%20with%20Rest%20Assured/praktikum/src/test/resources/api/Account.feature is not under the 'features' directory. Requirements report will not be correctly generated!
17:19:09.762 [main] DEBUG net.thucydides.core.steps.StepEventBus - Test suite started for story net.thucydides.core.model.Story@e0453c54
17:19:09.763 [main] INFO  - Test Suite Started: Account

Scenario: GET - As admin I have be able to get detail account &amp#27;[90m# src/test/resources/api/Account.feature:6&amp#27;[0m
17:19:09.975 [main] INFO io.cucumber.core.plugin.SerenityReporter - Running feature from file:///D:/Perkuliahan/Kampus%20Merdeka/Alterra/Materi/qe_elfrida-rd-tampubolon/18_RESTful%20API%20Testing%20with%20Rest%20Assured/praktikum/src/test/resources/api/Account.feature
17:19:09.976 [main] WARN io.cucumber.core.plugin.SerenityReporter - Feature from file:///D:/Perkuliahan/Kampus%20Merdeka/Alterra/Materi/qe_elfrida-rd-tampubolon/18_RESTful%20API%20Testing%20with%20Rest%20Assured/praktikum/src/test/resources/api/Account.feature is not under the 'features' directory. Requirements report will not be correctly generated!
17:19:10.153 [main] INFO  - 
  _____   ___   ___   _____     ___   _____     _     ___   _____   ___   ___  
 |_   _| | __| / __| |_   _|   / __| |_   _|   /_\   | _ \ |_   _| | __| |   \ 
   | |   | _|  \__ \   | |     \__ \   | |    / _ \  |   /   | |   | _|  | |) |
   |_|   |___| |___/   |_|     |___/   |_|   /_/ \_\ |_|_\   |_|   |___| |___/ 

GET - As admin I have be able to get detail account(account;get---as-admin-i-have-be-able-to-get-detail-account)
--------------------------------------------------------------------------------
17:19:10.655 [main] DEBUG net.thucydides.core.steps.StepInterceptor - STARTING STEP: BookStoreSteps.setGetApiEndpoints - I set GET api endpoints
17:19:10.659 [main] DEBUG net.thucydides.core.steps.StepInterceptor - STEP DONE: I set GET api endpoints
  &amp#27;[32mGiven &amp#27;[0m&amp#27;[32mI set GET api endpoints for account&amp#27;[0m                   &amp#27;[90m# starter.stepsdefinitions.BookStoreSteps.setGetApiEndpoints()&amp#27;[0m
17:19:10.673 [main] DEBUG net.thucydides.core.steps.StepInterceptor - STARTING STEP: BookStoreSteps.sendGetHttpRequest - I send GET HTTP request
17:19:12.412 [main] DEBUG net.thucydides.core.steps.StepInterceptor - STARTING STEP: Get.sendGetHttpRequest - I set GET api endpoints
17:19:12.412 [main] DEBUG net.thucydides.core.steps.StepInterceptor - STEP DONE: I set GET api endpoints
17:19:13.704 [main] DEBUG org.apache.http.impl.conn.BasicClientConnectionManager - Get connection for route {s}->https://demoqa.com:443
17:19:13.724 [main] DEBUG org.apache.http.impl.conn.DefaultClientConnectionOperator - Connecting to demoqa.com:443
17:19:14.666 [main] DEBUG org.apache.http.client.protocol.RequestAddCookies - CookieSpec selected: ignoreCookies
17:19:14.668 [main] DEBUG org.apache.http.client.protocol.RequestAuthCache - Auth cache not set in the context
17:19:14.668 [main] DEBUG org.apache.http.client.protocol.RequestTargetAuthentication - Target auth state: UNCHALLENGED
17:19:14.669 [main] DEBUG org.apache.http.client.protocol.RequestProxyAuthentication - Proxy auth state: UNCHALLENGED
17:19:14.669 [main] DEBUG org.apache.http.impl.client.DefaultHttpClient - Attempt 1 to execute request
17:19:14.669 [main] DEBUG org.apache.http.impl.conn.DefaultClientConnection - Sending request: GET /BookStore/v1/Books HTTP/1.1
17:19:14.669 [main] DEBUG org.apache.http.wire -  >> "GET /BookStore/v1/Books HTTP/1.1[\r][\n]"
17:19:14.670 [main] DEBUG org.apache.http.wire -  >> "Accept: */*[\r][\n]"
17:19:14.671 [main] DEBUG org.apache.http.wire -  >> "Host: demoqa.com[\r][\n]"
17:19:14.671 [main] DEBUG org.apache.http.wire -  >> "Connection: Keep-Alive[\r][\n]"
17:19:14.671 [main] DEBUG org.apache.http.wire -  >> "User-Agent: Apache-HttpClient/4.5.13 (Java/1.8.0_241)[\r][\n]"
17:19:14.671 [main] DEBUG org.apache.http.wire -  >> "Accept-Encoding: gzip,deflate[\r][\n]"
17:19:14.671 [main] DEBUG org.apache.http.wire -  >> "[\r][\n]"
17:19:14.671 [main] DEBUG org.apache.http.headers - >> GET /BookStore/v1/Books HTTP/1.1
17:19:14.671 [main] DEBUG org.apache.http.headers - >> Accept: */*
17:19:14.671 [main] DEBUG org.apache.http.headers - >> Host: demoqa.com
17:19:14.671 [main] DEBUG org.apache.http.headers - >> Connection: Keep-Alive
17:19:14.671 [main] DEBUG org.apache.http.headers - >> User-Agent: Apache-HttpClient/4.5.13 (Java/1.8.0_241)
17:19:14.671 [main] DEBUG org.apache.http.headers - >> Accept-Encoding: gzip,deflate
17:19:14.897 [main] DEBUG org.apache.http.wire -  << "HTTP/1.1 200 OK[\r][\n]"
17:19:14.901 [main] DEBUG org.apache.http.wire -  << "Server: nginx/1.17.10 (Ubuntu)[\r][\n]"
17:19:14.901 [main] DEBUG org.apache.http.wire -  << "Date: Tue, 22 Mar 2022 10:19:14 GMT[\r][\n]"
17:19:14.901 [main] DEBUG org.apache.http.wire -  << "Content-Type: application/json; charset=utf-8[\r][\n]"
17:19:14.902 [main] DEBUG org.apache.http.wire -  << "Content-Length: 4514[\r][\n]"
17:19:14.902 [main] DEBUG org.apache.http.wire -  << "Connection: keep-alive[\r][\n]"
17:19:14.902 [main] DEBUG org.apache.http.wire -  << "X-Powered-By: Express[\r][\n]"
17:19:14.902 [main] DEBUG org.apache.http.wire -  << "ETag: W/"11a2-8zfX++QwcgaCjSU6F8JP9fUd1tY"[\r][\n]"
17:19:14.902 [main] DEBUG org.apache.http.wire -  << "[\r][\n]"
17:19:14.903 [main] DEBUG org.apache.http.impl.conn.DefaultClientConnection - Receiving response: HTTP/1.1 200 OK
17:19:14.904 [main] DEBUG org.apache.http.headers - << HTTP/1.1 200 OK
17:19:14.904 [main] DEBUG org.apache.http.headers - << Server: nginx/1.17.10 (Ubuntu)
17:19:14.904 [main] DEBUG org.apache.http.headers - << Date: Tue, 22 Mar 2022 10:19:14 GMT
17:19:14.905 [main] DEBUG org.apache.http.headers - << Content-Type: application/json; charset=utf-8
17:19:14.905 [main] DEBUG org.apache.http.headers - << Content-Length: 4514
17:19:14.905 [main] DEBUG org.apache.http.headers - << Connection: keep-alive
17:19:14.905 [main] DEBUG org.apache.http.headers - << X-Powered-By: Express
17:19:14.905 [main] DEBUG org.apache.http.headers - << ETag: W/"11a2-8zfX++QwcgaCjSU6F8JP9fUd1tY"
17:19:14.911 [main] DEBUG org.apache.http.impl.client.DefaultHttpClient - Connection can be kept alive indefinitely
17:19:14.931 [main] DEBUG io.restassured.internal.RequestSpecificationImpl$RestAssuredHttpBuilder - Parsing response as: application/json; charset=utf-8
17:19:14.931 [main] DEBUG io.restassured.internal.RequestSpecificationImpl$RestAssuredHttpBuilder - Parsed data to instance of: class org.apache.http.conn.EofSensorInputStream
17:19:14.970 [main] DEBUG org.apache.http.wire -  << "{"books":[{"isbn":"9781449325862","title":"Git Pocket Guide","subTitle":"A Working Introduction","author":"Richard E. Silverman","publish_date":"2020-06-04T08:48:39.000Z","publisher":"O'Reilly Media","pages":234,"description":"This pocket guide is the perfect on-the-job companion to Git, the distributed version control system. It provides a compact, readable introduction to Git for new users, as well as a reference to common commands and procedures for those of you with Git exp","website":"http://chimera.labs.oreilly.com/books/1230000000561/index.html"},{"isbn":"9781449331818","title":"Learning JavaScript Design Patterns","subTitle":"A JavaScript and jQuery Developer's Guide","author":"Addy Osmani","publish_date":"2020-06-04T09:11:40.000Z","publisher":"O'Reilly Media","pages":254,"description":"With Learning JavaScript Design Patterns, you'll learn how to write beautiful, structured, and maintainable JavaScript by applying classical and modern design patterns to the language. If you want to keep your code efficient, more manageable, and up-to-da","website":"http://www.addyosmani.com/resources/essentialjsdesignpatterns/book/"},{"isbn":"9781449337711","title":"Designing Evolvable Web APIs with ASP.NET","subTitle":"Harnessing the Power of the Web","author":"Glenn Block et al.","publish_date":"2020-06-04T09:12:43.000Z","publisher":"O'Reilly Media","pages":238,"description":"Design and build Web APIs for a broad range of clients[0xe2][0x80][0x94]including browsers and mobile devices[0xe2][0x80][0x94]that can adapt to change over time. This practical, hands-on guide takes you through the theory and tools you need to build evolvable HTTP services with Microsoft","website":"http://chimera.labs.oreilly.com/books/1234000001708/index.html"},{"isbn":"9781449365035","title":"Speaking JavaScript","subTitle":"An In-Depth Guide for Programmers","author":"Axel Rauschmayer","publish_date":"2014-02-01T00:00:00.000Z","publisher":"O'Reilly Media","pages":460,"description":"Like it or not, JavaScript is everywhere these days-from browser to server to mobile-and now you, too, need to learn the language or dive deeper than you have. This concise book guides you into and through JavaScript, written by a veteran programmer who o","website":"http://speakingjs.com/"},{"isbn":"9781491904244","title":"You Don't Know JS","subTitle":"ES6 & Beyond","author":"Kyle Simpson","publish_date":"2015-12-27T00:00:00.000Z","publisher":"O'Reilly Media","pages":278,"description":"No matter how much experience you have with JavaScript, odds are you don[0xe2][0x80][0x99]t fully understand the language. As part of the \\\"You Don[0xe2][0x80][0x99]t Know JS\\\" series, this compact guide focuses on new features available in ECMAScript 6 (ES6), the latest version of the st","website":"https://github.com/getify/You-Dont-Know-JS/tree/master/es6%20&%20beyond"},{"isbn":"9781491950296","title":"Programming JavaScript Applications","subTitle":"Robust Web Architecture with Node, HTML5, and Modern JS Libraries","author":"Eric Elliott","publish_date":"2014-07-01T00:00:00.000Z","publisher":"O'Reilly Media","pages":254,"description":"Take advantage of JavaScript's power to build robust web-scale or enterprise applications that are easy to extend and maintain. By applying the design patterns outlined in this practical book, experienced JavaScript developers will learn how to write flex","website":"http://chimera.labs.oreilly.com/books/1234000000262/index.html"},{"isbn":"9781593275846","title":"Eloquent JavaScript, Second Edition","subTitle":"A Modern Introduction to Programming","author":"Marijn Haverbeke","publish_date":"2014-12-14T00:00:00.000Z","publisher":"No Starch Press","pages":472,"description":"JavaScript lies at the heart of almost every modern web application, from social apps to the newest browser-based games. Though simple for beginners to pick up and play with, JavaScript is a flexible, complex language that you can use to build full-scale ","website":"http://eloquentjavascript.net/"},{"isbn":"9781593277574","title":"Understanding ECMAScript 6","subTitle":"The Definitive Guide for JavaScript Developers","author":"Nicholas C. Zakas","publish_date":"2016-09-03T00:00:00.000Z","publisher":"No Starch Press","pages":352,"description":"ECMAScript 6 represents the biggest update to the core of JavaScript in the history of the language. In Understanding ECMAScript 6, expert developer Nicholas C. Zakas provides a complete guide to the object types, syntax, and other exciting changes that E","website":"https://leanpub.com/understandinges6/read"}]}"
17:19:14.971 [main] DEBUG org.apache.http.impl.conn.BasicClientConnectionManager - Releasing connection org.apache.http.impl.conn.ManagedClientConnectionImpl@377874b4
17:19:14.971 [main] DEBUG org.apache.http.impl.conn.BasicClientConnectionManager - Connection can be kept alive indefinitely
17:19:15.014 [main] DEBUG net.thucydides.core.steps.StepInterceptor - STEP DONE: I send GET HTTP request
  &amp#27;[32mWhen &amp#27;[0m&amp#27;[32mI send GET HTTP request for account&amp#27;[0m                    &amp#27;[90m# starter.stepsdefinitions.BookStoreSteps.sendGetHttpRequest()&amp#27;[0m
17:19:15.020 [main] DEBUG net.thucydides.core.steps.StepInterceptor - STARTING STEP: BookStoreSteps.receiveValidHttpResponse - I receive valid HTTP response code 200
17:19:15.056 [main] DEBUG net.thucydides.core.steps.StepInterceptor - STEP DONE: I receive valid HTTP response code 200
  &amp#27;[32mThen &amp#27;[0m&amp#27;[32mI receive valid HTTP response code 200 for account&amp#27;[0m     &amp#27;[90m# starter.stepsdefinitions.BookStoreSteps.receiveValidHttpResponse()&amp#27;[0m
17:19:15.060 [main] INFO  - 
  _____   ___   ___   _____     ___     _     ___   ___   ___   ___  
 |_   _| | __| / __| |_   _|   | _ \   /_\   / __| / __| | __| |   \ 
   | |   | _|  \__ \   | |     |  _/  / _ \  \__ \ \__ \ | _|  | |) |
   |_|   |___| |___/   |_|     |_|   /_/ \_\ |___/ |___/ |___| |___/ 

GET - As admin I have be able to get detail account
----------------------------------------------------------------------
]]></system-out>
  </testcase>
  <testcase name="GET - As admin I have be able to get detail store book" classname="User" time="1.294">
    <system-out><![CDATA[17:19:15.065 [main] INFO io.cucumber.core.plugin.SerenityReporter - Running feature from file:///D:/Perkuliahan/Kampus%20Merdeka/Alterra/Materi/qe_elfrida-rd-tampubolon/18_RESTful%20API%20Testing%20with%20Rest%20Assured/praktikum/src/test/resources/api/BookStore.feature
17:19:15.066 [main] WARN io.cucumber.core.plugin.SerenityReporter - Feature from file:///D:/Perkuliahan/Kampus%20Merdeka/Alterra/Materi/qe_elfrida-rd-tampubolon/18_RESTful%20API%20Testing%20with%20Rest%20Assured/praktikum/src/test/resources/api/BookStore.feature is not under the 'features' directory. Requirements report will not be correctly generated!
17:19:15.070 [main] DEBUG net.thucydides.core.steps.StepEventBus - Test suite started for story net.thucydides.core.model.Story@30b9c5c1
17:19:15.071 [main] INFO  - Test Suite Started: User

Scenario: GET - As admin I have be able to get detail store book &amp#27;[90m# src/test/resources/api/BookStore.feature:6&amp#27;[0m
17:19:15.081 [main] INFO io.cucumber.core.plugin.SerenityReporter - Running feature from file:///D:/Perkuliahan/Kampus%20Merdeka/Alterra/Materi/qe_elfrida-rd-tampubolon/18_RESTful%20API%20Testing%20with%20Rest%20Assured/praktikum/src/test/resources/api/BookStore.feature
17:19:15.081 [main] WARN io.cucumber.core.plugin.SerenityReporter - Feature from file:///D:/Perkuliahan/Kampus%20Merdeka/Alterra/Materi/qe_elfrida-rd-tampubolon/18_RESTful%20API%20Testing%20with%20Rest%20Assured/praktikum/src/test/resources/api/BookStore.feature is not under the 'features' directory. Requirements report will not be correctly generated!
17:19:15.085 [main] INFO  - 
  _____   ___   ___   _____     ___   _____     _     ___   _____   ___   ___  
 |_   _| | __| / __| |_   _|   / __| |_   _|   /_\   | _ \ |_   _| | __| |   \ 
   | |   | _|  \__ \   | |     \__ \   | |    / _ \  |   /   | |   | _|  | |) |
   |_|   |___| |___/   |_|     |___/   |_|   /_/ \_\ |_|_\   |_|   |___| |___/ 

GET - As admin I have be able to get detail store book(user;get---as-admin-i-have-be-able-to-get-detail-store-book)
--------------------------------------------------------------------------------
17:19:15.097 [main] DEBUG net.thucydides.core.steps.StepInterceptor - STARTING STEP: GetAccountSteps.setGetApiEndpoints - I set GET api endpoints
17:19:15.098 [main] DEBUG net.thucydides.core.steps.StepInterceptor - STEP DONE: I set GET api endpoints
  &amp#27;[32mGiven &amp#27;[0m&amp#27;[32mI set GET api endpoints&amp#27;[0m                                  &amp#27;[90m# starter.stepsdefinitions.GetAccountSteps.setGetApiEndpoints()&amp#27;[0m
17:19:15.102 [main] DEBUG net.thucydides.core.steps.StepInterceptor - STARTING STEP: GetAccountSteps.sendGetHttpRequest - I send GET HTTP request
17:19:15.103 [main] DEBUG net.thucydides.core.steps.StepInterceptor - STARTING STEP: Get.sendGetHttpRequest - I set GET api endpoints
17:19:15.104 [main] DEBUG net.thucydides.core.steps.StepInterceptor - STEP DONE: I set GET api endpoints
17:19:15.125 [main] DEBUG org.apache.http.impl.conn.BasicClientConnectionManager - Get connection for route {s}->https://demoqa.com:443
17:19:15.125 [main] DEBUG org.apache.http.impl.conn.DefaultClientConnectionOperator - Connecting to demoqa.com:443
17:19:16.068 [main] DEBUG org.apache.http.client.protocol.RequestAddCookies - CookieSpec selected: ignoreCookies
17:19:16.068 [main] DEBUG org.apache.http.client.protocol.RequestAuthCache - Auth cache not set in the context
17:19:16.068 [main] DEBUG org.apache.http.client.protocol.RequestTargetAuthentication - Target auth state: UNCHALLENGED
17:19:16.069 [main] DEBUG org.apache.http.client.protocol.RequestProxyAuthentication - Proxy auth state: UNCHALLENGED
17:19:16.069 [main] DEBUG org.apache.http.impl.client.DefaultHttpClient - Attempt 1 to execute request
17:19:16.069 [main] DEBUG org.apache.http.impl.conn.DefaultClientConnection - Sending request: GET /BookStore/v1/Books HTTP/1.1
17:19:16.069 [main] DEBUG org.apache.http.wire -  >> "GET /BookStore/v1/Books HTTP/1.1[\r][\n]"
17:19:16.069 [main] DEBUG org.apache.http.wire -  >> "Accept: */*[\r][\n]"
17:19:16.069 [main] DEBUG org.apache.http.wire -  >> "Host: demoqa.com[\r][\n]"
17:19:16.069 [main] DEBUG org.apache.http.wire -  >> "Connection: Keep-Alive[\r][\n]"
17:19:16.070 [main] DEBUG org.apache.http.wire -  >> "User-Agent: Apache-HttpClient/4.5.13 (Java/1.8.0_241)[\r][\n]"
17:19:16.070 [main] DEBUG org.apache.http.wire -  >> "Accept-Encoding: gzip,deflate[\r][\n]"
17:19:16.070 [main] DEBUG org.apache.http.wire -  >> "[\r][\n]"
17:19:16.070 [main] DEBUG org.apache.http.headers - >> GET /BookStore/v1/Books HTTP/1.1
17:19:16.070 [main] DEBUG org.apache.http.headers - >> Accept: */*
17:19:16.070 [main] DEBUG org.apache.http.headers - >> Host: demoqa.com
17:19:16.070 [main] DEBUG org.apache.http.headers - >> Connection: Keep-Alive
17:19:16.070 [main] DEBUG org.apache.http.headers - >> User-Agent: Apache-HttpClient/4.5.13 (Java/1.8.0_241)
17:19:16.071 [main] DEBUG org.apache.http.headers - >> Accept-Encoding: gzip,deflate
17:19:16.324 [main] DEBUG org.apache.http.wire -  << "HTTP/1.1 200 OK[\r][\n]"
17:19:16.324 [main] DEBUG org.apache.http.wire -  << "Server: nginx/1.17.10 (Ubuntu)[\r][\n]"
17:19:16.325 [main] DEBUG org.apache.http.wire -  << "Date: Tue, 22 Mar 2022 10:19:16 GMT[\r][\n]"
17:19:16.325 [main] DEBUG org.apache.http.wire -  << "Content-Type: application/json; charset=utf-8[\r][\n]"
17:19:16.325 [main] DEBUG org.apache.http.wire -  << "Content-Length: 4514[\r][\n]"
17:19:16.326 [main] DEBUG org.apache.http.wire -  << "Connection: keep-alive[\r][\n]"
17:19:16.326 [main] DEBUG org.apache.http.wire -  << "X-Powered-By: Express[\r][\n]"
17:19:16.326 [main] DEBUG org.apache.http.wire -  << "ETag: W/"11a2-8zfX++QwcgaCjSU6F8JP9fUd1tY"[\r][\n]"
17:19:16.326 [main] DEBUG org.apache.http.wire -  << "[\r][\n]"
17:19:16.326 [main] DEBUG org.apache.http.impl.conn.DefaultClientConnection - Receiving response: HTTP/1.1 200 OK
17:19:16.327 [main] DEBUG org.apache.http.headers - << HTTP/1.1 200 OK
17:19:16.327 [main] DEBUG org.apache.http.headers - << Server: nginx/1.17.10 (Ubuntu)
17:19:16.327 [main] DEBUG org.apache.http.headers - << Date: Tue, 22 Mar 2022 10:19:16 GMT
17:19:16.327 [main] DEBUG org.apache.http.headers - << Content-Type: application/json; charset=utf-8
17:19:16.327 [main] DEBUG org.apache.http.headers - << Content-Length: 4514
17:19:16.328 [main] DEBUG org.apache.http.headers - << Connection: keep-alive
17:19:16.328 [main] DEBUG org.apache.http.headers - << X-Powered-By: Express
17:19:16.328 [main] DEBUG org.apache.http.headers - << ETag: W/"11a2-8zfX++QwcgaCjSU6F8JP9fUd1tY"
17:19:16.328 [main] DEBUG org.apache.http.impl.client.DefaultHttpClient - Connection can be kept alive indefinitely
17:19:16.329 [main] DEBUG io.restassured.internal.RequestSpecificationImpl$RestAssuredHttpBuilder - Parsing response as: application/json; charset=utf-8
17:19:16.329 [main] DEBUG io.restassured.internal.RequestSpecificationImpl$RestAssuredHttpBuilder - Parsed data to instance of: class org.apache.http.conn.EofSensorInputStream
17:19:16.352 [main] DEBUG org.apache.http.wire -  << "{"books":[{"isbn":"9781449325862","title":"Git Pocket Guide","subTitle":"A Working Introduction","author":"Richard E. Silverman","publish_date":"2020-06-04T08:48:39.000Z","publisher":"O'Reilly Media","pages":234,"description":"This pocket guide is the perfect on-the-job companion to Git, the distributed version control system. It provides a compact, readable introduction to Git for new users, as well as a reference to common commands and procedures for those of you with Git exp","website":"http://chimera.labs.oreilly.com/books/1230000000561/index.html"},{"isbn":"9781449331818","title":"Learning JavaScript Design Patterns","subTitle":"A JavaScript and jQuery Developer's Guide","author":"Addy Osmani","publish_date":"2020-06-04T09:11:40.000Z","publisher":"O'Reilly Media","pages":254,"description":"With Learning JavaScript Design Patterns, you'll learn how to write beautiful, structured, and maintainable JavaScript by applying classical and modern design patterns to the language. If you want to keep your code efficient, more manageable, and up-to-da","website":"http://www.addyosmani.com/resources/essentialjsdesignpatterns/book/"},{"isbn":"9781449337711","title":"Designing Evolvable Web APIs with ASP.NET","subTitle":"Harnessing the Power of the Web","author":"Glenn Block et al.","publish_date":"2020-06-04T09:12:43.000Z","publisher":"O'Reilly Media","pages":238,"description":"Design and build Web APIs for a broad range of clients[0xe2][0x80][0x94]including browsers and mobile devices[0xe2][0x80][0x94]that can adapt to change over time. This practical, hands-on guide takes you through the theory and tools you need to build evolvable HTTP services with Microsoft","website":"http://chimera.labs.oreilly.com/books/1234000001708/index.html"},{"isbn":"9781449365035","title":"Speaking JavaScript","subTitle":"An In-Depth Guide for Programmers","author":"Axel Rauschmayer","publish_date":"2014-02-01T00:00:00.000Z","publisher":"O'Reilly Media","pages":460,"description":"Like it or not, JavaScript is everywhere these days-from browser to server to mobile-and now you, too, need to learn the language or dive deeper than you have. This concise book guides you into and through JavaScript, written by a veteran programmer who o","website":"http://speakingjs.com/"},{"isbn":"9781491904244","title":"You Don't Know JS","subTitle":"ES6 & Beyond","author":"Kyle Simpson","publish_date":"2015-12-27T00:00:00.000Z","publisher":"O'Reilly Media","pages":278,"description":"No matter how much experience you have with JavaScript, odds are you don[0xe2][0x80][0x99]t fully understand the language. As part of the \\\"You Don[0xe2][0x80][0x99]t Know JS\\\" series, this compact guide focuses on new features available in ECMAScript 6 (ES6), the latest version of the st","website":"https://github.com/getify/You-Dont-Know-JS/tree/master/es6%20&%20beyond"},{"isbn":"9781491950296","title":"Programming JavaScript Applications","subTitle":"Robust Web Architecture with Node, HTML5, and Modern JS Libraries","author":"Eric Elliott","publish_date":"2014-07-01T00:00:00.000Z","publisher":"O'Reilly Media","pages":254,"description":"Take advantage of JavaScript's power to build robust web-scale or enterprise applications that are easy to extend and maintain. By applying the design patterns outlined in this practical book, experienced JavaScript developers will learn how to write flex","website":"http://chimera.labs.oreilly.com/books/1234000000262/index.html"},{"isbn":"9781593275846","title":"Eloquent JavaScript, Second Edition","subTitle":"A Modern Introduction to Programming","author":"Marijn Haverbeke","publish_date":"2014-12-14T00:00:00.000Z","publisher":"No Starch Press","pages":472,"description":"JavaScript lies at the heart of almost every modern web application, from social apps to the newest browser-based games. Though simple for beginners to pick up and play with, JavaScript is a flexible, complex language that you can use to build full-scale ","website":"http://eloquentjavascript.net/"},{"isbn":"9781593277574","title":"Understanding ECMAScript 6","subTitle":"The Definitive Guide for JavaScript Developers","author":"Nicholas C. Zakas","publish_date":"2016-09-03T00:00:00.000Z","publisher":"No Starch Press","pages":352,"description":"ECMAScript 6 represents the biggest update to the core of JavaScript in the history of the language. In Understanding ECMAScript 6, expert developer Nicholas C. Zakas provides a complete guide to the object types, syntax, and other exciting changes that E","website":"https://leanpub.com/understandinges6/read"}]}"
17:19:16.353 [main] DEBUG org.apache.http.impl.conn.BasicClientConnectionManager - Releasing connection org.apache.http.impl.conn.ManagedClientConnectionImpl@337a6d30
17:19:16.353 [main] DEBUG org.apache.http.impl.conn.BasicClientConnectionManager - Connection can be kept alive indefinitely
17:19:16.360 [main] DEBUG net.thucydides.core.steps.StepInterceptor - STEP DONE: I send GET HTTP request
  &amp#27;[32mWhen &amp#27;[0m&amp#27;[32mI send GET HTTP request&amp#27;[0m                                   &amp#27;[90m# starter.stepsdefinitions.GetAccountSteps.sendGetHttpRequest()&amp#27;[0m
17:19:16.363 [main] DEBUG net.thucydides.core.steps.StepInterceptor - STARTING STEP: GetAccountSteps.receiveValidHttpResponse - I receive valid HTTP response code 200
17:19:16.364 [main] DEBUG net.thucydides.core.steps.StepInterceptor - STEP DONE: I receive valid HTTP response code 200
  &amp#27;[32mThen &amp#27;[0m&amp#27;[32mI receive valid HTTP response code 200&amp#27;[0m                    &amp#27;[90m# starter.stepsdefinitions.GetAccountSteps.receiveValidHttpResponse()&amp#27;[0m
17:19:16.366 [main] INFO  - 
  _____   ___   ___   _____     ___     _     ___   ___   ___   ___  
 |_   _| | __| / __| |_   _|   | _ \   /_\   / __| / __| | __| |   \ 
   | |   | _|  \__ \   | |     |  _/  / _ \  \__ \ \__ \ | _|  | |) |
   |_|   |___| |___/   |_|     |_|   /_/ \_\ |___/ |___/ |___| |___/ 

GET - As admin I have be able to get detail store book
----------------------------------------------------------------------
]]></system-out>
  </testcase>
</testsuite>